Mon Oct 07 2024 13:9:12 } [PH] info: 🛢   Database is connected successfully
Mon Oct 07 2024 13:9:12 } [PH] info: Application  listening on port 5000
Mon Oct 07 2024 13:9:26 } [PH] info: 🛢   Database is connected successfully
Mon Oct 07 2024 13:9:26 } [PH] info: Application  listening on port 5000
Mon Oct 07 2024 13:9:41 } [PH] info: 🛢   Database is connected successfully
Mon Oct 07 2024 13:9:41 } [PH] info: Application  listening on port 5000
Mon Oct 07 2024 13:10:46 } [PH] info: 🛢   Database is connected successfully
Mon Oct 07 2024 13:10:46 } [PH] info: Application  listening on port 5000
Mon Oct 07 2024 13:10:53 } [PH] info: Redis Connected
Mon Oct 07 2024 13:10:55 } [PH] info: 🛢   Database is connected successfully
Mon Oct 07 2024 13:10:55 } [PH] info: Application  listening on port 5000
Mon Oct 07 2024 13:11:4 } [PH] info: 🛢  RedisError logger_1.logger.s is not a function
Mon Oct 07 2024 13:11:4 } [PH] info: 🛢  RedisError logger_1.logger.s is not a function
Mon Oct 07 2024 13:11:4 } [PH] info: 🛢  RedisError logger_1.logger.s is not a function
Mon Oct 07 2024 13:11:4 } [PH] info: 🛢  RedisError logger_1.logger.s is not a function
Mon Oct 07 2024 13:11:4 } [PH] info: 🛢  RedisError logger_1.logger.s is not a function
Mon Oct 07 2024 13:11:5 } [PH] info: 🛢  RedisError logger_1.logger.s is not a function
Mon Oct 07 2024 13:11:5 } [PH] info: 🛢  RedisError logger_1.logger.s is not a function
Mon Oct 07 2024 13:11:5 } [PH] info: 🛢  RedisError logger_1.logger.s is not a function
Mon Oct 07 2024 13:11:6 } [PH] info: 🛢  RedisError logger_1.logger.s is not a function
Mon Oct 07 2024 13:11:7 } [PH] info: 🛢  RedisError logger_1.logger.i is not a function
Mon Oct 07 2024 13:11:7 } [PH] info: 🛢  RedisError logger_1.logger.i is not a function
Mon Oct 07 2024 13:11:7 } [PH] info: 🛢  RedisError logger_1.logger.i is not a function
Mon Oct 07 2024 13:11:7 } [PH] info: 🛢  RedisError logger_1.logger.i is not a function
Mon Oct 07 2024 13:11:7 } [PH] info: 🛢  RedisError logger_1.logger.i is not a function
Mon Oct 07 2024 13:11:7 } [PH] info: 🛢  RedisError logger_1.logger.i is not a function
Mon Oct 07 2024 13:11:8 } [PH] info: 🛢  RedisError logger_1.logger.i is not a function
Mon Oct 07 2024 13:11:8 } [PH] info: 🛢  RedisError logger_1.logger.i is not a function
Mon Oct 07 2024 13:11:8 } [PH] info: 🛢  RedisError logger_1.logger.i is not a function
Mon Oct 07 2024 13:11:9 } [PH] info: 🛢  RedisError logger_1.logger.i is not a function
Mon Oct 07 2024 13:11:10 } [PH] info: 🛢  RedisError logger_1.logger.su is not a function
Mon Oct 07 2024 13:11:10 } [PH] info: 🛢  RedisError logger_1.logger.su is not a function
Mon Oct 07 2024 13:11:10 } [PH] info: 🛢  RedisError logger_1.logger.su is not a function
Mon Oct 07 2024 13:11:10 } [PH] info: 🛢  RedisError logger_1.logger.su is not a function
Mon Oct 07 2024 13:11:10 } [PH] info: 🛢  RedisError logger_1.logger.su is not a function
Mon Oct 07 2024 13:11:26 } [PH] info: 🛢  RedisError The "listener" argument must be of type function. Received undefined
Mon Oct 07 2024 13:11:26 } [PH] info: 🛢  RedisError The "listener" argument must be of type function. Received undefined
Mon Oct 07 2024 13:11:26 } [PH] info: 🛢  RedisError The "listener" argument must be of type function. Received undefined
Mon Oct 07 2024 13:11:26 } [PH] info: 🛢  RedisError The "listener" argument must be of type function. Received undefined
Mon Oct 07 2024 13:11:26 } [PH] info: 🛢  RedisError The "listener" argument must be of type function. Received undefined
Mon Oct 07 2024 13:11:26 } [PH] info: 🛢  RedisError The "listener" argument must be of type function. Received undefined
Mon Oct 07 2024 13:11:26 } [PH] info: 🛢  RedisError The "listener" argument must be of type function. Received undefined
Mon Oct 07 2024 13:11:27 } [PH] info: 🛢  RedisError The "listener" argument must be of type function. Received undefined
Mon Oct 07 2024 13:11:27 } [PH] info: 🛢  RedisError The "listener" argument must be of type function. Received undefined
Mon Oct 07 2024 13:11:27 } [PH] info: 🛢  RedisError The "listener" argument must be of type function. Received undefined
Mon Oct 07 2024 13:11:28 } [PH] info: 🛢  RedisError The "listener" argument must be of type function. Received undefined
Mon Oct 07 2024 13:11:28 } [PH] info: 🛢  RedisError The "listener" argument must be of type function. Received undefined
Mon Oct 07 2024 13:11:29 } [PH] info: 🛢  RedisError logger_1.logger.notice is not a function
Mon Oct 07 2024 13:11:29 } [PH] info: 🛢  RedisError logger_1.logger.notice is not a function
Mon Oct 07 2024 13:11:29 } [PH] info: 🛢  RedisError logger_1.logger.notice is not a function
Mon Oct 07 2024 13:11:30 } [PH] info: 🛢  RedisError logger_1.logger.notice is not a function
Mon Oct 07 2024 13:11:30 } [PH] info: 🛢  RedisError logger_1.logger.notice is not a function
Mon Oct 07 2024 13:11:30 } [PH] info: 🛢  RedisError logger_1.logger.notice is not a function
Mon Oct 07 2024 13:11:30 } [PH] info: 🛢  RedisError logger_1.logger.notice is not a function
Mon Oct 07 2024 13:11:30 } [PH] info: 🛢  RedisError logger_1.logger.notice is not a function
Mon Oct 07 2024 13:11:31 } [PH] info: 🛢  RedisError logger_1.logger.notice is not a function
Mon Oct 07 2024 13:11:31 } [PH] info: 🛢  RedisError logger_1.logger.notice is not a function
Mon Oct 07 2024 13:11:32 } [PH] info: 🛢  RedisError logger_1.logger.notice is not a function
Mon Oct 07 2024 13:11:32 } [PH] info: 🛢  RedisError logger_1.logger.notice is not a function
Mon Oct 07 2024 13:11:33 } [PH] info: 🛢  RedisError logger_1.logger.notice is not a function
Mon Oct 07 2024 13:11:33 } [PH] info: 🛢  RedisError logger_1.logger.notice is not a function
Mon Oct 07 2024 13:11:34 } [PH] info: 🛢  RedisError logger_1.logger.notice is not a function
Mon Oct 07 2024 13:11:34 } [PH] info: 🛢  RedisError logger_1.logger.notice is not a function
Mon Oct 07 2024 13:11:35 } [PH] info: 🛢  RedisError logger_1.logger.notice is not a function
Mon Oct 07 2024 13:11:35 } [PH] info: 🛢  RedisError logger_1.logger.notice is not a function
Mon Oct 07 2024 13:11:36 } [PH] info: 🛢  RedisError logger_1.logger.notice is not a function
Mon Oct 07 2024 13:11:36 } [PH] info: 🛢  RedisError logger_1.logger.notice is not a function
Mon Oct 07 2024 13:11:37 } [PH] info: 🛢  RedisError logger_1.logger.notice is not a function
Mon Oct 07 2024 13:11:37 } [PH] info: 🛢  RedisError logger_1.logger.notice is not a function
Mon Oct 07 2024 13:11:38 } [PH] info: 🛢  RedisError logger_1.logger.notice is not a function
Mon Oct 07 2024 13:11:38 } [PH] info: 🛢  RedisError logger_1.logger.notice is not a function
Mon Oct 07 2024 13:11:39 } [PH] info: 🛢  RedisError logger_1.logger.notice is not a function
Mon Oct 07 2024 13:11:39 } [PH] info: 🛢  RedisError logger_1.logger.notice is not a function
Mon Oct 07 2024 13:11:40 } [PH] info: 🛢  RedisError logger_1.logger.notice is not a function
Mon Oct 07 2024 13:11:40 } [PH] info: 🛢  RedisError logger_1.logger.notice is not a function
Mon Oct 07 2024 13:11:46 } [PH] warn: Redis Connected
Mon Oct 07 2024 13:11:49 } [PH] info: 🛢   Database is connected successfully
Mon Oct 07 2024 13:11:49 } [PH] info: Application  listening on port 5000
Mon Oct 07 2024 13:11:51 } [PH] warn: Redis Connected
Mon Oct 07 2024 13:11:53 } [PH] info: 🛢   Database is connected successfully
Mon Oct 07 2024 13:11:53 } [PH] info: Application  listening on port 5000
Mon Oct 07 2024 13:12:7 } [PH] info: Redis Connected
Mon Oct 07 2024 13:12:9 } [PH] info: 🛢   Database is connected successfully
Mon Oct 07 2024 13:12:9 } [PH] info: Application  listening on port 5000
Mon Oct 07 2024 13:12:37 } [PH] info: Redis Connected
Mon Oct 07 2024 13:12:39 } [PH] info: Redis Connected
Mon Oct 07 2024 13:12:40 } [PH] info: Redis Connected
Mon Oct 07 2024 13:12:43 } [PH] info: 🛢   Database is connected successfully
Mon Oct 07 2024 13:12:43 } [PH] info: Application  listening on port 5000
Mon Oct 07 2024 13:13:10 } [Trac] info: Redis Connected
Mon Oct 07 2024 13:13:11 } [Tracker] info: Redis Connected
Mon Oct 07 2024 13:13:12 } [Tracker-] info: Redis Connected
Mon Oct 07 2024 13:13:15 } [Tracker-] info: 🛢   Database is connected successfully
Mon Oct 07 2024 13:13:15 } [Tracker-] info: Application  listening on port 5000
Mon Oct 07 2024 13:13:32 } [Tracker-] info: Redis Connected
Mon Oct 07 2024 13:13:34 } [Tracker-] info: 🛢   Database is connected successfully
Mon Oct 07 2024 13:13:34 } [Tracker-] info: Application  listening on port 5000
